<?xml version="1.0" encoding="UTF-8" ?>
<testsuite errors="0" failures="0" hostname="SohailAhmad" name="com.app.calculatorTesting.AllTests" skipped="0" tests="5" time="0.524" timestamp="2018-03-31T04:38:07">
  <properties>
[...]
</properties>
  <testcase classname="com.app.calculatorTesting.SimpleCalculatorTestCase" name="testAdd" time="0.049" />
  <testcase classname="com.app.calculatorTesting.SimpleCalculatorTestCase" name="testSubtract" time="0.0" />
  <testcase classname="com.app.calculatorTesting.SimpleCalculatorTestCase" name="TestException" time="0.001" />
  <testcase classname="com.app.calculatorTesting.SimpleCalculatorTestCase" name="testDivide" time="0.001" />
  <testcase classname="com.app.calculatorTesting.SimpleCalculatorTestCase" name="testMultiply" time="0.0" />
  <system-out><![CDATA[]]></system-out>
  <system-err><![CDATA[]]></system-err>
</testsuite>
